[2026-02-10T14:59:13.124Z] [INFO] Starting Backend API Tests...
[2026-02-10T14:59:13.136Z] [INFO] Testing Health Check (GET http://localhost:5000/health)...
[2026-02-10T14:59:13.311Z] [SUCCESS] Health Check PASSED (200)
[2026-02-10T14:59:13.316Z] [INFO] Testing Register User (POST /auth/register)...
[2026-02-10T14:59:15.294Z] [SUCCESS] Register User PASSED (201)
[2026-02-10T14:59:15.297Z] [INFO] User registered with ID: 698b47c1d9740d418ada0f12
[2026-02-10T14:59:15.300Z] [INFO] Testing Get Me (GET /auth/me)...
[2026-02-10T14:59:15.779Z] [SUCCESS] Get Me PASSED (200)
[2026-02-10T14:59:15.782Z] [INFO] Testing Create Memory (POST /memories)...
[2026-02-10T14:59:18.173Z] [ERROR] Create Memory FAILED (400)
[2026-02-10T14:59:18.177Z] [ERROR] Response: {
  "success": false,
  "message": "`test` is not a valid enum value for path `category`.",
  "stack": "ValidationError: Memory validation failed: category: `test` is not a valid enum value for path `category`.\n    at Document.invalidate (C:\\Users\\Aditya\\Desktop\\CodeByte_Zephyr\\backEnd\\node_modules\\mongoose\\lib\\document.js:3373:32)\n    at C:\\Users\\Aditya\\Desktop\\CodeByte_Zephyr\\backEnd\\node_modules\\mongoose\\lib\\document.js:3134:17\n    at C:\\Users\\Aditya\\Desktop\\CodeByte_Zephyr\\backEnd\\node_modules\\mongoose\\lib\\schemaType.js:1446:9\n    at process.processTicksAndRejections (node:internal/process/task_queues:85:11)",
  "error": {
    "errors": {
      "category": {
        "name": "ValidatorError",
        "message": "`test` is not a valid enum value for path `category`.",
        "properties": {
          "message": "`test` is not a valid enum value for path `category`.",
          "type": "enum",
          "enumValues": [
            "document",
            "photo",
            "video",
            "audio",
            "other"
          ],
          "path": "category",
          "value": "test",
          "length": 4
        },
        "kind": "enum",
        "path": "category",
        "value": "test"
      }
    },
    "_message": "Memory validation failed",
    "name": "ValidationError",
    "message": "Memory validation failed: category: `test` is not a valid enum value for path `category`."
  }
}
[2026-02-10T14:59:18.188Z] [INFO] Testing List Memories (GET /memories)...
[2026-02-10T14:59:18.316Z] [SUCCESS] List Memories PASSED (200)
[2026-02-10T14:59:18.318Z] [INFO] Testing Create Quest (POST /quests)...
[2026-02-10T14:59:18.373Z] [ERROR] Create Quest FAILED (400)
[2026-02-10T14:59:18.377Z] [ERROR] Response: {
  "success": false,
  "message": "Title, description, and quest type are required"
}
[2026-02-10T14:59:18.380Z] [INFO] Testing List Quests (GET /quests)...
[2026-02-10T14:59:18.467Z] [SUCCESS] List Quests PASSED (200)
[2026-02-10T14:59:18.469Z] [INFO] Testing Create Campaign (POST /campaigns)...
[2026-02-10T14:59:18.512Z] [ERROR] Create Campaign FAILED (400)
[2026-02-10T14:59:18.516Z] [ERROR] Response: {
  "success": false,
  "message": "Name, campaign type, and organization type are required"
}
[2026-02-10T14:59:18.520Z] [INFO] Testing List Campaigns (GET /campaigns)...
[2026-02-10T14:59:18.630Z] [SUCCESS] List Campaigns PASSED (200)
[2026-02-10T14:59:18.633Z] [INFO] Testing Create Badge (POST /badges)...
[2026-02-10T14:59:18.715Z] [ERROR] Create Badge FAILED (500)
[2026-02-10T14:59:18.716Z] [ERROR] Response: {
  "success": false,
  "message": "require is not defined",
  "stack": "ReferenceError: require is not defined\n    at model.<anonymous> (file:///C:/Users/Aditya/Desktop/CodeByte_Zephyr/backEnd/src/models/Badge.js:115:5)\n    at callMiddlewareFunction (C:\\Users\\Aditya\\Desktop\\CodeByte_Zephyr\\backEnd\\node_modules\\kareem\\index.js:628:27)\n    at model.next (C:\\Users\\Aditya\\Desktop\\CodeByte_Zephyr\\backEnd\\node_modules\\kareem\\index.js:93:7)\n    at _next (C:\\Users\\Aditya\\Desktop\\CodeByte_Zephyr\\backEnd\\node_modules\\kareem\\index.js:146:10)\n    at C:\\Users\\Aditya\\Desktop\\CodeByte_Zephyr\\backEnd\\node_modules\\kareem\\index.js:653:30\n    at process.processTicksAndRejections (node:internal/process/task_queues:85:11)",
  "error": {}
}
[2026-02-10T14:59:18.720Z] [INFO] Testing List Badges (GET /badges)...
[2026-02-10T14:59:18.793Z] [SUCCESS] List Badges PASSED (200)
[2026-02-10T14:59:18.796Z] [INFO] Testing Create Story (POST /stories)...
[2026-02-10T14:59:18.899Z] [SUCCESS] Create Story PASSED (201)
[2026-02-10T14:59:18.903Z] [INFO] Story created with ID: 698b47c6d9740d418ada0f27
[2026-02-10T14:59:18.906Z] [INFO] Testing Add Chapter (POST /stories/698b47c6d9740d418ada0f27/chapters)...
[2026-02-10T14:59:19.030Z] [SUCCESS] Add Chapter PASSED (201)
[2026-02-10T14:59:19.034Z] [INFO] Testing List Stories (GET /stories)...
[2026-02-10T14:59:19.101Z] [ERROR] List Stories FAILED (404)
[2026-02-10T14:59:19.103Z] [ERROR] Response: {
  "success": false,
  "message": "Route not found - /api/stories",
  "stack": "Error: Route not found - /api/stories\n    at notFound (file:///C:/Users/Aditya/Desktop/CodeByte_Zephyr/backEnd/src/middleware/errorMiddleware.js:17:17)\n    at Layer.handle [as handle_request] (C:\\Users\\Aditya\\Desktop\\CodeByte_Zephyr\\backEnd\\node_modules\\express\\lib\\router\\layer.js:95:5)\n    at trim_prefix (C:\\Users\\Aditya\\Desktop\\CodeByte_Zephyr\\backEnd\\node_modules\\express\\lib\\router\\index.js:328:13)\n    at C:\\Users\\Aditya\\Desktop\\CodeByte_Zephyr\\backEnd\\node_modules\\express\\lib\\router\\index.js:286:9\n    at Function.process_params (C:\\Users\\Aditya\\Desktop\\CodeByte_Zephyr\\backEnd\\node_modules\\express\\lib\\router\\index.js:346:12)\n    at next (C:\\Users\\Aditya\\Desktop\\CodeByte_Zephyr\\backEnd\\node_modules\\express\\lib\\router\\index.js:280:10)\n    at C:\\Users\\Aditya\\Desktop\\CodeByte_Zephyr\\backEnd\\node_modules\\express\\lib\\router\\index.js:646:15\n    at next (C:\\Users\\Aditya\\Desktop\\CodeByte_Zephyr\\backEnd\\node_modules\\express\\lib\\router\\index.js:265:14)\n    at protect (file:///C:/Users/Aditya/Desktop/CodeByte_Zephyr/backEnd/src/middleware/authMiddleware.js:35:7)\n    at process.processTicksAndRejections (node:internal/process/task_queues:105:5)",
  "error": {
    "statusCode": 404,
    "isOperational": true
  }
}
[2026-02-10T14:59:19.106Z] [INFO] Tests Completed.
[2026-02-10T15:01:22.230Z] [INFO] Starting Backend API Tests...
[2026-02-10T15:01:22.242Z] [INFO] Testing Health Check (GET http://localhost:5000/health)...
[2026-02-10T15:01:22.389Z] [SUCCESS] Health Check PASSED (200)
[2026-02-10T15:01:22.393Z] [INFO] Testing Register User (POST /auth/register)...
[2026-02-10T15:01:25.229Z] [SUCCESS] Register User PASSED (201)
[2026-02-10T15:01:25.232Z] [INFO] User registered with ID: 698b4842d9740d418ada0f31
[2026-02-10T15:01:25.236Z] [INFO] Testing Get Me (GET /auth/me)...
[2026-02-10T15:01:25.712Z] [SUCCESS] Get Me PASSED (200)
[2026-02-10T15:01:25.717Z] [INFO] Testing Create Memory (POST /memories)...
[2026-02-10T15:01:28.630Z] [SUCCESS] Create Memory PASSED (201)
[2026-02-10T15:01:28.634Z] [INFO] Memory created with ID: 698b4848d9740d418ada0f36
[2026-02-10T15:01:28.638Z] [INFO] Testing List Memories (GET /memories)...
[2026-02-10T15:01:28.796Z] [SUCCESS] List Memories PASSED (200)
[2026-02-10T15:01:28.799Z] [INFO] Testing Get Memory (GET /memories/698b4848d9740d418ada0f36)...
[2026-02-10T15:01:28.892Z] [SUCCESS] Get Memory PASSED (200)
[2026-02-10T15:01:28.896Z] [INFO] Testing Create Share Link (POST /share)...
[2026-02-10T15:01:29.075Z] [SUCCESS] Create Share Link PASSED (201)
[2026-02-10T15:01:29.077Z] [INFO] Share link created with code: DSBmZHQB
[2026-02-10T15:01:29.079Z] [INFO] Testing Verify Share Link (GET /share/DSBmZHQB/verify)...
[2026-02-10T15:01:29.133Z] [SUCCESS] Verify Share Link PASSED (200)
[2026-02-10T15:01:29.136Z] [INFO] Testing Get My Share Links (GET /share/user/my-links)...
[2026-02-10T15:01:29.260Z] [SUCCESS] Get My Share Links PASSED (200)
[2026-02-10T15:01:29.263Z] [INFO] Testing Create Quest (POST /quests)...
[2026-02-10T15:01:29.366Z] [ERROR] Create Quest FAILED (400)
[2026-02-10T15:01:29.369Z] [ERROR] Response: {
  "success": false,
  "message": "Path `location.coordinates.coordinates` is required.",
  "stack": "ValidationError: Quest validation failed: location.coordinates.coordinates: Path `location.coordinates.coordinates` is required.\n    at Document.invalidate (C:\\Users\\Aditya\\Desktop\\CodeByte_Zephyr\\backEnd\\node_modules\\mongoose\\lib\\document.js:3373:32)\n    at C:\\Users\\Aditya\\Desktop\\CodeByte_Zephyr\\backEnd\\node_modules\\mongoose\\lib\\document.js:3134:17\n    at C:\\Users\\Aditya\\Desktop\\CodeByte_Zephyr\\backEnd\\node_modules\\mongoose\\lib\\schemaType.js:1446:9\n    at process.processTicksAndRejections (node:internal/process/task_queues:85:11)",
  "error": {
    "errors": {
      "location.coordinates.coordinates": {
        "name": "ValidatorError",
        "message": "Path `location.coordinates.coordinates` is required.",
        "properties": {
          "message": "Path `location.coordinates.coordinates` is required.",
          "type": "required",
          "path": "location.coordinates.coordinates"
        },
        "kind": "required",
        "path": "location.coordinates.coordinates"
      }
    },
    "_message": "Quest validation failed",
    "name": "ValidationError",
    "message": "Quest validation failed: location.coordinates.coordinates: Path `location.coordinates.coordinates` is required."
  }
}
[2026-02-10T15:01:29.373Z] [INFO] Testing List Quests (GET /quests)...
[2026-02-10T15:01:29.428Z] [SUCCESS] List Quests PASSED (200)
[2026-02-10T15:01:29.430Z] [INFO] Testing Create Campaign (POST /campaigns)...
[2026-02-10T15:01:29.545Z] [ERROR] Create Campaign FAILED (400)
[2026-02-10T15:01:29.547Z] [ERROR] Response: {
  "success": false,
  "message": "`standard` is not a valid enum value for path `campaignType`.",
  "stack": "ValidationError: Campaign validation failed: campaignType: `standard` is not a valid enum value for path `campaignType`.\n    at Document.invalidate (C:\\Users\\Aditya\\Desktop\\CodeByte_Zephyr\\backEnd\\node_modules\\mongoose\\lib\\document.js:3373:32)\n    at C:\\Users\\Aditya\\Desktop\\CodeByte_Zephyr\\backEnd\\node_modules\\mongoose\\lib\\document.js:3134:17\n    at C:\\Users\\Aditya\\Desktop\\CodeByte_Zephyr\\backEnd\\node_modules\\mongoose\\lib\\schemaType.js:1446:9\n    at process.processTicksAndRejections (node:internal/process/task_queues:85:11)",
  "error": {
    "errors": {
      "campaignType": {
        "name": "ValidatorError",
        "message": "`standard` is not a valid enum value for path `campaignType`.",
        "properties": {
          "message": "`standard` is not a valid enum value for path `campaignType`.",
          "type": "enum",
          "enumValues": [
            "tourism",
            "loyalty",
            "marketing",
            "scavenger_hunt",
            "personal"
          ],
          "path": "campaignType",
          "value": "standard",
          "length": 8
        },
        "kind": "enum",
        "path": "campaignType",
        "value": "standard"
      }
    },
    "_message": "Campaign validation failed",
    "name": "ValidationError",
    "message": "Campaign validation failed: campaignType: `standard` is not a valid enum value for path `campaignType`."
  }
}
[2026-02-10T15:01:29.550Z] [INFO] Testing List Campaigns (GET /campaigns)...
[2026-02-10T15:01:29.627Z] [SUCCESS] List Campaigns PASSED (200)
[2026-02-10T15:01:29.630Z] [INFO] Testing Create Badge (POST /badges)...
[2026-02-10T15:01:29.694Z] [ERROR] Create Badge FAILED (500)
[2026-02-10T15:01:29.698Z] [ERROR] Response: {
  "success": false,
  "message": "require is not defined",
  "stack": "ReferenceError: require is not defined\n    at model.<anonymous> (file:///C:/Users/Aditya/Desktop/CodeByte_Zephyr/backEnd/src/models/Badge.js:115:5)\n    at callMiddlewareFunction (C:\\Users\\Aditya\\Desktop\\CodeByte_Zephyr\\backEnd\\node_modules\\kareem\\index.js:628:27)\n    at model.next (C:\\Users\\Aditya\\Desktop\\CodeByte_Zephyr\\backEnd\\node_modules\\kareem\\index.js:93:7)\n    at _next (C:\\Users\\Aditya\\Desktop\\CodeByte_Zephyr\\backEnd\\node_modules\\kareem\\index.js:146:10)\n    at C:\\Users\\Aditya\\Desktop\\CodeByte_Zephyr\\backEnd\\node_modules\\kareem\\index.js:653:30\n    at process.processTicksAndRejections (node:internal/process/task_queues:85:11)",
  "error": {}
}
[2026-02-10T15:01:29.701Z] [INFO] Testing List Badges (GET /badges)...
[2026-02-10T15:01:29.791Z] [SUCCESS] List Badges PASSED (200)
[2026-02-10T15:01:29.793Z] [INFO] Testing Create Story (POST /stories)...
[2026-02-10T15:01:29.978Z] [SUCCESS] Create Story PASSED (201)
[2026-02-10T15:01:29.980Z] [INFO] Story created with ID: 698b4849d9740d418ada0f54
[2026-02-10T15:01:29.984Z] [INFO] Testing Add Chapter (POST /stories/698b4849d9740d418ada0f54/chapters)...
[2026-02-10T15:01:30.200Z] [SUCCESS] Add Chapter PASSED (201)
[2026-02-10T15:01:30.203Z] [INFO] Testing List My Stories (GET /stories/my-stories)...
[2026-02-10T15:01:30.331Z] [SUCCESS] List My Stories PASSED (200)
[2026-02-10T15:01:30.334Z] [INFO] Testing Delete Memory (DELETE /memories/698b4848d9740d418ada0f36)...
[2026-02-10T15:01:30.455Z] [SUCCESS] Delete Memory PASSED (200)
[2026-02-10T15:01:30.459Z] [INFO] Tests Completed.
[2026-02-10T15:03:52.384Z] [INFO] Starting Backend API Tests...
[2026-02-10T15:03:52.395Z] [INFO] Testing Health Check (GET http://localhost:5000/health)...
[2026-02-10T15:03:52.557Z] [SUCCESS] Health Check PASSED (200)
[2026-02-10T15:03:52.559Z] [INFO] Testing Register User (POST /auth/register)...
[2026-02-10T15:03:56.372Z] [SUCCESS] Register User PASSED (201)
[2026-02-10T15:03:56.377Z] [INFO] User registered with ID: 698b48d8d9740d418ada0f64
[2026-02-10T15:03:56.381Z] [INFO] Testing Get Me (GET /auth/me)...
[2026-02-10T15:03:57.232Z] [SUCCESS] Get Me PASSED (200)
[2026-02-10T15:03:57.236Z] [INFO] Testing Create Memory (POST /memories)...
[2026-02-10T15:03:59.971Z] [SUCCESS] Create Memory PASSED (201)
[2026-02-10T15:03:59.973Z] [INFO] Memory created with ID: 698b48dfd9740d418ada0f69
[2026-02-10T15:03:59.974Z] [INFO] Testing List Memories (GET /memories)...
[2026-02-10T15:04:00.085Z] [SUCCESS] List Memories PASSED (200)
[2026-02-10T15:04:00.091Z] [INFO] Testing Get Memory (GET /memories/698b48dfd9740d418ada0f69)...
[2026-02-10T15:04:00.167Z] [SUCCESS] Get Memory PASSED (200)
[2026-02-10T15:04:00.170Z] [INFO] Testing Create Share Link (POST /share)...
[2026-02-10T15:04:00.264Z] [SUCCESS] Create Share Link PASSED (201)
[2026-02-10T15:04:00.267Z] [INFO] Share link created with code: JsaCwpeU
[2026-02-10T15:04:00.269Z] [INFO] Testing Verify Share Link (GET /share/JsaCwpeU/verify)...
[2026-02-10T15:04:00.327Z] [SUCCESS] Verify Share Link PASSED (200)
[2026-02-10T15:04:00.330Z] [INFO] Testing Get My Share Links (GET /share/user/my-links)...
[2026-02-10T15:04:00.467Z] [SUCCESS] Get My Share Links PASSED (200)
[2026-02-10T15:04:00.469Z] [INFO] Testing Create Quest (POST /quests)...
[2026-02-10T15:05:21.982Z] [INFO] Starting Backend API Tests...
[2026-02-10T15:05:22.001Z] [INFO] Testing Health Check (GET http://localhost:5000/health)...
[2026-02-10T15:05:22.161Z] [SUCCESS] Health Check PASSED (200)
[2026-02-10T15:05:22.163Z] [INFO] Testing Register User (POST /auth/register)...
[2026-02-10T15:06:52.222Z] [INFO] Starting Backend API Tests...
[2026-02-10T15:06:52.232Z] [INFO] Testing Health Check (GET http://localhost:5000/health)...
[2026-02-10T15:06:52.371Z] [SUCCESS] Health Check PASSED (200)
[2026-02-10T15:06:52.373Z] [INFO] Testing Register User (POST /auth/register)...
[2026-02-10T15:06:54.636Z] [SUCCESS] Register User PASSED (201)
[2026-02-10T15:06:54.638Z] [INFO] User registered with ID: 698b498cd9740d418ada0f80
[2026-02-10T15:06:54.641Z] [INFO] Testing Get Me (GET /auth/me)...
[2026-02-10T15:06:55.131Z] [SUCCESS] Get Me PASSED (200)
[2026-02-10T15:06:55.136Z] [INFO] Testing Create Memory (POST /memories)...
[2026-02-10T15:06:57.577Z] [SUCCESS] Create Memory PASSED (201)
[2026-02-10T15:06:57.581Z] [INFO] Memory created with ID: 698b4991d9740d418ada0f85
[2026-02-10T15:06:57.584Z] [INFO] Testing List Memories (GET /memories)...
[2026-02-10T15:06:57.678Z] [SUCCESS] List Memories PASSED (200)
[2026-02-10T15:06:57.681Z] [INFO] Testing Get Memory (GET /memories/698b4991d9740d418ada0f85)...
[2026-02-10T15:06:57.759Z] [SUCCESS] Get Memory PASSED (200)
[2026-02-10T15:06:57.761Z] [INFO] Testing Create Share Link (POST /share)...
[2026-02-10T15:06:57.885Z] [SUCCESS] Create Share Link PASSED (201)
[2026-02-10T15:06:57.886Z] [INFO] Share link created with code: DUhhBuMx
[2026-02-10T15:06:57.887Z] [INFO] Testing Verify Share Link (GET /share/DUhhBuMx/verify)...
[2026-02-10T15:06:57.927Z] [SUCCESS] Verify Share Link PASSED (200)
[2026-02-10T15:06:57.931Z] [INFO] Testing Get My Share Links (GET /share/user/my-links)...
[2026-02-10T15:06:58.053Z] [SUCCESS] Get My Share Links PASSED (200)
[2026-02-10T15:06:58.055Z] [INFO] Testing Create Quest (POST /quests)...
[2026-02-10T15:07:28.070Z] [ERROR] Create Quest CRASHED: timeout of 30000ms exceeded
[2026-02-10T15:07:28.074Z] [INFO] Testing List Quests (GET /quests)...
[2026-02-10T15:07:28.197Z] [SUCCESS] List Quests PASSED (200)
[2026-02-10T15:07:28.199Z] [INFO] Testing Create Campaign (POST /campaigns)...
[2026-02-10T15:07:28.421Z] [SUCCESS] Create Campaign PASSED (201)
[2026-02-10T15:07:28.440Z] [INFO] Campaign created with ID: 698b49b0d9740d418ada0f9b
[2026-02-10T15:07:28.448Z] [INFO] Testing List Campaigns (GET /campaigns)...
[2026-02-10T15:07:28.580Z] [SUCCESS] List Campaigns PASSED (200)
[2026-02-10T15:07:28.583Z] [INFO] Testing Create Badge (POST /badges)...
[2026-02-10T15:07:28.709Z] [ERROR] Create Badge FAILED (500)
[2026-02-10T15:07:28.711Z] [ERROR] Response: {
  "success": false,
  "message": "require is not defined",
  "stack": "ReferenceError: require is not defined\n    at model.<anonymous> (file:///C:/Users/Aditya/Desktop/CodeByte_Zephyr/backEnd/src/models/Badge.js:115:5)\n    at callMiddlewareFunction (C:\\Users\\Aditya\\Desktop\\CodeByte_Zephyr\\backEnd\\node_modules\\kareem\\index.js:628:27)\n    at model.next (C:\\Users\\Aditya\\Desktop\\CodeByte_Zephyr\\backEnd\\node_modules\\kareem\\index.js:93:7)\n    at _next (C:\\Users\\Aditya\\Desktop\\CodeByte_Zephyr\\backEnd\\node_modules\\kareem\\index.js:146:10)\n    at C:\\Users\\Aditya\\Desktop\\CodeByte_Zephyr\\backEnd\\node_modules\\kareem\\index.js:653:30\n    at process.processTicksAndRejections (node:internal/process/task_queues:85:11)",
  "error": {}
}
[2026-02-10T15:07:28.714Z] [INFO] Testing List Badges (GET /badges)...
[2026-02-10T15:07:28.823Z] [SUCCESS] List Badges PASSED (200)
[2026-02-10T15:07:28.826Z] [INFO] Testing Create Story (POST /stories)...
[2026-02-10T15:07:29.094Z] [SUCCESS] Create Story PASSED (201)
[2026-02-10T15:07:29.096Z] [INFO] Story created with ID: 698b49b0d9740d418ada0fa5
[2026-02-10T15:07:29.099Z] [INFO] Testing Add Chapter (POST /stories/698b49b0d9740d418ada0fa5/chapters)...
[2026-02-10T15:07:29.358Z] [SUCCESS] Add Chapter PASSED (201)
[2026-02-10T15:07:29.362Z] [INFO] Testing List My Stories (GET /stories/my-stories)...
[2026-02-10T15:07:29.527Z] [SUCCESS] List My Stories PASSED (200)
[2026-02-10T15:07:29.530Z] [INFO] Testing Delete Memory (DELETE /memories/698b4991d9740d418ada0f85)...
[2026-02-10T15:07:29.755Z] [SUCCESS] Delete Memory PASSED (200)
[2026-02-10T15:07:29.758Z] [INFO] Tests Completed.
[2026-02-10T15:07:35.789Z] [INFO] Starting Backend API Tests...
[2026-02-10T15:07:35.802Z] [INFO] Testing Health Check (GET http://localhost:5000/health)...
[2026-02-10T15:07:35.961Z] [SUCCESS] Health Check PASSED (200)
[2026-02-10T15:07:35.965Z] [INFO] Testing Register User (POST /auth/register)...
[2026-02-10T15:07:37.530Z] [SUCCESS] Register User PASSED (201)
[2026-02-10T15:07:37.535Z] [INFO] User registered with ID: 698b49b8d9740d418ada0fb5
[2026-02-10T15:07:37.540Z] [INFO] Testing Get Me (GET /auth/me)...
[2026-02-10T15:07:38.033Z] [SUCCESS] Get Me PASSED (200)
[2026-02-10T15:07:38.036Z] [INFO] Testing Create Memory (POST /memories)...
[2026-02-10T15:07:40.031Z] [SUCCESS] Create Memory PASSED (201)
[2026-02-10T15:07:40.035Z] [INFO] Memory created with ID: 698b49bbd9740d418ada0fba
[2026-02-10T15:07:40.038Z] [INFO] Testing List Memories (GET /memories)...
[2026-02-10T15:07:40.145Z] [SUCCESS] List Memories PASSED (200)
[2026-02-10T15:07:40.147Z] [INFO] Testing Get Memory (GET /memories/698b49bbd9740d418ada0fba)...
[2026-02-10T15:07:40.201Z] [SUCCESS] Get Memory PASSED (200)
[2026-02-10T15:07:40.206Z] [INFO] Testing Create Share Link (POST /share)...
[2026-02-10T15:07:40.360Z] [SUCCESS] Create Share Link PASSED (201)
[2026-02-10T15:07:40.366Z] [INFO] Share link created with code: skTjsnNN
[2026-02-10T15:07:40.371Z] [INFO] Testing Verify Share Link (GET /share/skTjsnNN/verify)...
[2026-02-10T15:07:40.447Z] [SUCCESS] Verify Share Link PASSED (200)
[2026-02-10T15:07:40.452Z] [INFO] Testing Get My Share Links (GET /share/user/my-links)...
[2026-02-10T15:07:40.593Z] [SUCCESS] Get My Share Links PASSED (200)
[2026-02-10T15:07:40.596Z] [INFO] Testing Create Quest (POST /quests)...
[2026-02-10T15:08:10.625Z] [ERROR] Create Quest CRASHED: timeout of 30000ms exceeded
[2026-02-10T15:08:10.631Z] [INFO] Testing List Quests (GET /quests)...
[2026-02-10T15:08:10.743Z] [SUCCESS] List Quests PASSED (200)
[2026-02-10T15:08:10.748Z] [INFO] Testing Create Campaign (POST /campaigns)...
[2026-02-10T15:08:10.902Z] [SUCCESS] Create Campaign PASSED (201)
[2026-02-10T15:08:10.904Z] [INFO] Campaign created with ID: 698b49dad9740d418ada0fd0
[2026-02-10T15:08:10.905Z] [INFO] Testing List Campaigns (GET /campaigns)...
[2026-02-10T15:08:11.016Z] [SUCCESS] List Campaigns PASSED (200)
[2026-02-10T15:08:11.019Z] [INFO] Testing Create Badge (POST /badges)...
[2026-02-10T15:08:11.104Z] [ERROR] Create Badge FAILED (500)
[2026-02-10T15:08:11.107Z] [ERROR] Response: {
  "success": false,
  "message": "require is not defined",
  "stack": "ReferenceError: require is not defined\n    at model.<anonymous> (file:///C:/Users/Aditya/Desktop/CodeByte_Zephyr/backEnd/src/models/Badge.js:115:5)\n    at callMiddlewareFunction (C:\\Users\\Aditya\\Desktop\\CodeByte_Zephyr\\backEnd\\node_modules\\kareem\\index.js:628:27)\n    at model.next (C:\\Users\\Aditya\\Desktop\\CodeByte_Zephyr\\backEnd\\node_modules\\kareem\\index.js:93:7)\n    at _next (C:\\Users\\Aditya\\Desktop\\CodeByte_Zephyr\\backEnd\\node_modules\\kareem\\index.js:146:10)\n    at C:\\Users\\Aditya\\Desktop\\CodeByte_Zephyr\\backEnd\\node_modules\\kareem\\index.js:653:30\n    at process.processTicksAndRejections (node:internal/process/task_queues:85:11)",
  "error": {}
}
[2026-02-10T15:08:11.108Z] [INFO] Testing List Badges (GET /badges)...
[2026-02-10T15:08:11.181Z] [SUCCESS] List Badges PASSED (200)
[2026-02-10T15:08:11.185Z] [INFO] Testing Create Story (POST /stories)...
[2026-02-10T15:08:11.352Z] [SUCCESS] Create Story PASSED (201)
[2026-02-10T15:08:11.354Z] [INFO] Story created with ID: 698b49dbd9740d418ada0fda
[2026-02-10T15:08:11.357Z] [INFO] Testing Add Chapter (POST /stories/698b49dbd9740d418ada0fda/chapters)...
[2026-02-10T15:08:11.481Z] [SUCCESS] Add Chapter PASSED (201)
[2026-02-10T15:08:11.483Z] [INFO] Testing List My Stories (GET /stories/my-stories)...
[2026-02-10T15:08:11.564Z] [SUCCESS] List My Stories PASSED (200)
[2026-02-10T15:08:11.569Z] [INFO] Testing Delete Memory (DELETE /memories/698b49bbd9740d418ada0fba)...
[2026-02-10T15:08:11.731Z] [SUCCESS] Delete Memory PASSED (200)
[2026-02-10T15:08:11.732Z] [INFO] Tests Completed.
[2026-02-10T15:08:19.706Z] [ERROR] Create Quest CRASHED: read ECONNRESET
[2026-02-10T15:08:19.712Z] [INFO] Testing List Quests (GET /quests)...
[2026-02-10T15:08:19.731Z] [ERROR] List Quests CRASHED: Error
[2026-02-10T15:08:19.737Z] [INFO] Testing Create Campaign (POST /campaigns)...
[2026-02-10T15:08:19.753Z] [ERROR] Create Campaign CRASHED: Error
[2026-02-10T15:08:19.755Z] [INFO] Testing List Campaigns (GET /campaigns)...
[2026-02-10T15:08:19.769Z] [ERROR] List Campaigns CRASHED: Error
[2026-02-10T15:08:19.772Z] [INFO] Testing Create Badge (POST /badges)...
[2026-02-10T15:08:19.785Z] [ERROR] Create Badge CRASHED: Error
[2026-02-10T15:08:19.788Z] [INFO] Testing List Badges (GET /badges)...
[2026-02-10T15:08:19.802Z] [ERROR] List Badges CRASHED: Error
[2026-02-10T15:08:19.807Z] [INFO] Testing Create Story (POST /stories)...
[2026-02-10T15:08:19.833Z] [ERROR] Create Story CRASHED: Error
[2026-02-10T15:08:19.839Z] [INFO] Testing List My Stories (GET /stories/my-stories)...
[2026-02-10T15:08:19.853Z] [ERROR] List My Stories CRASHED: Error
[2026-02-10T15:08:19.857Z] [INFO] Testing Delete Memory (DELETE /memories/698b48dfd9740d418ada0f69)...
[2026-02-10T15:08:19.870Z] [ERROR] Delete Memory CRASHED: Error
[2026-02-10T15:08:19.873Z] [INFO] Tests Completed.
[2026-02-10T15:08:48.299Z] [INFO] Starting Backend API Tests...
[2026-02-10T15:08:48.314Z] [INFO] Testing Health Check (GET http://localhost:5000/health)...
[2026-02-10T15:08:48.541Z] [SUCCESS] Health Check PASSED (200)
[2026-02-10T15:08:48.545Z] [INFO] Testing Register User (POST /auth/register)...
[2026-02-10T15:08:51.111Z] [SUCCESS] Register User PASSED (201)
[2026-02-10T15:08:51.116Z] [INFO] User registered with ID: 698b4a005a60b12e35051dae
[2026-02-10T15:08:51.119Z] [INFO] Testing Get Me (GET /auth/me)...
[2026-02-10T15:08:51.949Z] [SUCCESS] Get Me PASSED (200)
[2026-02-10T15:08:51.955Z] [INFO] Testing Create Memory (POST /memories)...
[2026-02-10T15:08:54.830Z] [SUCCESS] Create Memory PASSED (201)
[2026-02-10T15:08:54.835Z] [INFO] Memory created with ID: 698b4a065a60b12e35051db3
[2026-02-10T15:08:54.840Z] [INFO] Testing List Memories (GET /memories)...
[2026-02-10T15:08:55.021Z] [SUCCESS] List Memories PASSED (200)
[2026-02-10T15:08:55.024Z] [INFO] Testing Get Memory (GET /memories/698b4a065a60b12e35051db3)...
[2026-02-10T15:08:55.142Z] [SUCCESS] Get Memory PASSED (200)
[2026-02-10T15:08:55.147Z] [INFO] Testing Create Share Link (POST /share)...
[2026-02-10T15:08:55.269Z] [SUCCESS] Create Share Link PASSED (201)
[2026-02-10T15:08:55.274Z] [INFO] Share link created with code: CJ3K8Qjt
[2026-02-10T15:08:55.276Z] [INFO] Testing Verify Share Link (GET /share/CJ3K8Qjt/verify)...
[2026-02-10T15:08:55.320Z] [SUCCESS] Verify Share Link PASSED (200)
[2026-02-10T15:08:55.323Z] [INFO] Testing Get My Share Links (GET /share/user/my-links)...
[2026-02-10T15:08:55.468Z] [SUCCESS] Get My Share Links PASSED (200)
[2026-02-10T15:08:55.470Z] [INFO] Testing Create Quest (POST /quests)...
[2026-02-10T15:09:25.502Z] [ERROR] Create Quest CRASHED: timeout of 30000ms exceeded
[2026-02-10T15:09:25.506Z] [INFO] Testing List Quests (GET /quests)...
[2026-02-10T15:09:25.569Z] [SUCCESS] List Quests PASSED (200)
[2026-02-10T15:09:25.573Z] [INFO] Testing Create Campaign (POST /campaigns)...
[2026-02-10T15:09:25.666Z] [SUCCESS] Create Campaign PASSED (201)
[2026-02-10T15:09:25.669Z] [INFO] Campaign created with ID: 698b4a255a60b12e35051dc9
[2026-02-10T15:09:25.672Z] [INFO] Testing List Campaigns (GET /campaigns)...
[2026-02-10T15:09:25.766Z] [SUCCESS] List Campaigns PASSED (200)
[2026-02-10T15:09:25.771Z] [INFO] Testing Create Badge (POST /badges)...
[2026-02-10T15:09:25.870Z] [SUCCESS] Create Badge PASSED (201)
[2026-02-10T15:09:25.873Z] [INFO] Badge created with ID: 698b4a255a60b12e35051dcf
[2026-02-10T15:09:25.875Z] [INFO] Testing List Badges (GET /badges)...
[2026-02-10T15:09:25.941Z] [SUCCESS] List Badges PASSED (200)
[2026-02-10T15:09:25.943Z] [INFO] Testing Create Story (POST /stories)...
[2026-02-10T15:09:26.023Z] [SUCCESS] Create Story PASSED (201)
[2026-02-10T15:09:26.026Z] [INFO] Story created with ID: 698b4a255a60b12e35051dd5
[2026-02-10T15:09:26.028Z] [INFO] Testing Add Chapter (POST /stories/698b4a255a60b12e35051dd5/chapters)...
[2026-02-10T15:09:26.172Z] [SUCCESS] Add Chapter PASSED (201)
[2026-02-10T15:09:26.175Z] [INFO] Testing List My Stories (GET /stories/my-stories)...
[2026-02-10T15:09:26.365Z] [SUCCESS] List My Stories PASSED (200)
[2026-02-10T15:09:26.370Z] [INFO] Testing Delete Memory (DELETE /memories/698b4a065a60b12e35051db3)...
[2026-02-10T15:09:26.494Z] [SUCCESS] Delete Memory PASSED (200)
[2026-02-10T15:09:26.497Z] [INFO] Tests Completed.
[2026-02-10T15:11:46.447Z] [INFO] Starting Backend API Tests...
[2026-02-10T15:11:46.457Z] [INFO] Testing Health Check (GET http://localhost:5000/health)...
[2026-02-10T15:11:46.597Z] [SUCCESS] Health Check PASSED (200)
[2026-02-10T15:11:46.602Z] [INFO] Testing Register User (POST /auth/register)...
[2026-02-10T15:11:49.147Z] [SUCCESS] Register User PASSED (201)
[2026-02-10T15:11:49.151Z] [INFO] User registered with ID: 698b4ab25a60b12e35051de5
[2026-02-10T15:11:49.155Z] [INFO] Testing Get Me (GET /auth/me)...
[2026-02-10T15:11:49.601Z] [SUCCESS] Get Me PASSED (200)
[2026-02-10T15:11:49.605Z] [INFO] Testing Create Memory (POST /memories)...
[2026-02-10T15:11:52.838Z] [SUCCESS] Create Memory PASSED (201)
[2026-02-10T15:11:52.842Z] [INFO] Memory created with ID: 698b4ab85a60b12e35051dea
[2026-02-10T15:11:52.844Z] [INFO] Testing List Memories (GET /memories)...
[2026-02-10T15:11:52.946Z] [SUCCESS] List Memories PASSED (200)
[2026-02-10T15:11:52.949Z] [INFO] Testing Get Memory (GET /memories/698b4ab85a60b12e35051dea)...
[2026-02-10T15:11:53.021Z] [SUCCESS] Get Memory PASSED (200)
[2026-02-10T15:11:53.023Z] [INFO] Testing Create Share Link (POST /share)...
[2026-02-10T15:11:53.148Z] [SUCCESS] Create Share Link PASSED (201)
[2026-02-10T15:11:53.152Z] [INFO] Share link created with code: RybtJA93
[2026-02-10T15:11:53.156Z] [INFO] Testing Verify Share Link (GET /share/RybtJA93/verify)...
[2026-02-10T15:11:53.188Z] [SUCCESS] Verify Share Link PASSED (200)
[2026-02-10T15:11:53.192Z] [INFO] Testing Get My Share Links (GET /share/user/my-links)...
[2026-02-10T15:11:53.297Z] [SUCCESS] Get My Share Links PASSED (200)
[2026-02-10T15:11:53.300Z] [INFO] Testing Create Quest (POST /quests)...
[2026-02-10T15:12:23.325Z] [ERROR] Create Quest CRASHED: timeout of 30000ms exceeded
[2026-02-10T15:12:23.329Z] [INFO] Testing List Quests (GET /quests)...
[2026-02-10T15:12:23.428Z] [SUCCESS] List Quests PASSED (200)
[2026-02-10T15:12:23.432Z] [INFO] Testing Create Campaign (POST /campaigns)...
[2026-02-10T15:12:23.553Z] [SUCCESS] Create Campaign PASSED (201)
[2026-02-10T15:12:23.555Z] [INFO] Campaign created with ID: 698b4ad75a60b12e35051e00
[2026-02-10T15:12:23.558Z] [INFO] Testing List Campaigns (GET /campaigns)...
[2026-02-10T15:12:23.649Z] [SUCCESS] List Campaigns PASSED (200)
[2026-02-10T15:12:23.651Z] [INFO] Testing Create Badge (POST /badges)...
[2026-02-10T15:12:23.727Z] [SUCCESS] Create Badge PASSED (201)
[2026-02-10T15:12:23.730Z] [INFO] Badge created with ID: 698b4ad75a60b12e35051e06
[2026-02-10T15:12:23.735Z] [INFO] Testing List Badges (GET /badges)...
[2026-02-10T15:12:23.833Z] [SUCCESS] List Badges PASSED (200)
[2026-02-10T15:12:23.837Z] [INFO] Testing Create Story (POST /stories)...
[2026-02-10T15:12:23.994Z] [SUCCESS] Create Story PASSED (201)
[2026-02-10T15:12:23.998Z] [INFO] Story created with ID: 698b4ad75a60b12e35051e0c
[2026-02-10T15:12:24.001Z] [INFO] Testing Add Chapter (POST /stories/698b4ad75a60b12e35051e0c/chapters)...
[2026-02-10T15:12:24.153Z] [SUCCESS] Add Chapter PASSED (201)
[2026-02-10T15:12:24.156Z] [INFO] Testing List My Stories (GET /stories/my-stories)...
[2026-02-10T15:12:24.300Z] [SUCCESS] List My Stories PASSED (200)
[2026-02-10T15:12:24.302Z] [INFO] Testing Delete Memory (DELETE /memories/698b4ab85a60b12e35051dea)...
[2026-02-10T15:12:24.398Z] [SUCCESS] Delete Memory PASSED (200)
[2026-02-10T15:12:24.402Z] [INFO] Tests Completed.
[2026-02-10T15:15:06.544Z] [INFO] Starting Backend API Tests...
[2026-02-10T15:15:06.555Z] [INFO] Testing Health Check (GET http://localhost:5000/health)...
[2026-02-10T15:15:06.696Z] [SUCCESS] Health Check PASSED (200)
[2026-02-10T15:15:06.699Z] [INFO] Testing Register User (POST /auth/register)...
[2026-02-10T15:15:08.695Z] [SUCCESS] Register User PASSED (201)
[2026-02-10T15:15:08.701Z] [INFO] User registered with ID: 698b4b7a5a60b12e35051e1c
[2026-02-10T15:15:08.704Z] [INFO] Testing Get Me (GET /auth/me)...
[2026-02-10T15:15:09.589Z] [SUCCESS] Get Me PASSED (200)
[2026-02-10T15:15:09.593Z] [INFO] Testing Create Memory (POST /memories)...
[2026-02-10T15:15:12.140Z] [SUCCESS] Create Memory PASSED (201)
[2026-02-10T15:15:12.145Z] [INFO] Memory created with ID: 698b4b805a60b12e35051e21
[2026-02-10T15:15:12.149Z] [INFO] Testing List Memories (GET /memories)...
[2026-02-10T15:15:12.299Z] [SUCCESS] List Memories PASSED (200)
[2026-02-10T15:15:12.302Z] [INFO] Testing Get Memory (GET /memories/698b4b805a60b12e35051e21)...
[2026-02-10T15:15:12.577Z] [SUCCESS] Get Memory PASSED (200)
[2026-02-10T15:15:12.579Z] [INFO] Testing Create Share Link (POST /share)...
[2026-02-10T15:15:12.653Z] [SUCCESS] Create Share Link PASSED (201)
[2026-02-10T15:15:12.657Z] [INFO] Share link created with code: jG4933KF
[2026-02-10T15:15:12.660Z] [INFO] Testing Verify Share Link (GET /share/jG4933KF/verify)...
[2026-02-10T15:15:12.695Z] [SUCCESS] Verify Share Link PASSED (200)
[2026-02-10T15:15:12.699Z] [INFO] Testing Get My Share Links (GET /share/user/my-links)...
[2026-02-10T15:15:12.861Z] [SUCCESS] Get My Share Links PASSED (200)
[2026-02-10T15:15:12.864Z] [INFO] Testing Create Quest (POST /quests)...
[2026-02-10T15:15:42.893Z] [ERROR] Create Quest CRASHED: timeout of 30000ms exceeded
[2026-02-10T15:15:42.896Z] [INFO] Testing List Quests (GET /quests)...
[2026-02-10T15:15:42.959Z] [SUCCESS] List Quests PASSED (200)
[2026-02-10T15:15:42.965Z] [INFO] Testing Create Campaign (POST /campaigns)...
[2026-02-10T15:15:43.111Z] [SUCCESS] Create Campaign PASSED (201)
[2026-02-10T15:15:43.115Z] [INFO] Campaign created with ID: 698b4b9f5a60b12e35051e37
[2026-02-10T15:15:43.119Z] [INFO] Testing List Campaigns (GET /campaigns)...
[2026-02-10T15:15:43.195Z] [SUCCESS] List Campaigns PASSED (200)
[2026-02-10T15:15:43.198Z] [INFO] Testing Create Badge (POST /badges)...
[2026-02-10T15:15:43.277Z] [SUCCESS] Create Badge PASSED (201)
[2026-02-10T15:15:43.282Z] [INFO] Badge created with ID: 698b4b9f5a60b12e35051e3d
[2026-02-10T15:15:43.286Z] [INFO] Testing List Badges (GET /badges)...
[2026-02-10T15:15:43.393Z] [SUCCESS] List Badges PASSED (200)
[2026-02-10T15:15:43.397Z] [INFO] Testing Create Story (POST /stories)...
[2026-02-10T15:15:43.515Z] [SUCCESS] Create Story PASSED (201)
[2026-02-10T15:15:43.517Z] [INFO] Story created with ID: 698b4b9f5a60b12e35051e43
[2026-02-10T15:15:43.522Z] [INFO] Testing Add Chapter (POST /stories/698b4b9f5a60b12e35051e43/chapters)...
[2026-02-10T15:15:43.639Z] [SUCCESS] Add Chapter PASSED (201)
[2026-02-10T15:15:43.642Z] [INFO] Testing List My Stories (GET /stories/my-stories)...
[2026-02-10T15:15:43.853Z] [SUCCESS] List My Stories PASSED (200)
[2026-02-10T15:15:43.855Z] [INFO] Testing Delete Memory (DELETE /memories/698b4b805a60b12e35051e21)...
[2026-02-10T15:15:44.007Z] [SUCCESS] Delete Memory PASSED (200)
[2026-02-10T15:15:44.010Z] [INFO] Tests Completed.
[2026-02-10T15:16:49.412Z] [INFO] Starting Backend API Tests...
[2026-02-10T15:16:49.429Z] [INFO] Testing Health Check (GET http://localhost:5000/health)...
[2026-02-10T15:16:49.648Z] [SUCCESS] Health Check PASSED (200)
[2026-02-10T15:16:49.650Z] [INFO] Testing Register User (POST /auth/register)...
[2026-02-10T15:16:52.511Z] [SUCCESS] Register User PASSED (201)
[2026-02-10T15:16:52.514Z] [INFO] User registered with ID: 698b4be1c0d59c067a4863fe
[2026-02-10T15:16:52.517Z] [INFO] Testing Get Me (GET /auth/me)...
[2026-02-10T15:16:53.316Z] [SUCCESS] Get Me PASSED (200)
[2026-02-10T15:16:53.320Z] [INFO] Testing Create Memory (POST /memories)...
[2026-02-10T15:16:56.088Z] [SUCCESS] Create Memory PASSED (201)
[2026-02-10T15:16:56.091Z] [INFO] Memory created with ID: 698b4be7c0d59c067a486403
[2026-02-10T15:16:56.093Z] [INFO] Testing List Memories (GET /memories)...
[2026-02-10T15:16:56.190Z] [SUCCESS] List Memories PASSED (200)
[2026-02-10T15:16:56.192Z] [INFO] Testing Get Memory (GET /memories/698b4be7c0d59c067a486403)...
[2026-02-10T15:16:56.248Z] [SUCCESS] Get Memory PASSED (200)
[2026-02-10T15:16:56.250Z] [INFO] Testing Create Share Link (POST /share)...
[2026-02-10T15:16:56.330Z] [SUCCESS] Create Share Link PASSED (201)
[2026-02-10T15:16:56.331Z] [INFO] Share link created with code: vb2vS2Me
[2026-02-10T15:16:56.335Z] [INFO] Testing Verify Share Link (GET /share/vb2vS2Me/verify)...
[2026-02-10T15:16:56.600Z] [SUCCESS] Verify Share Link PASSED (200)
[2026-02-10T15:16:56.603Z] [INFO] Testing Get My Share Links (GET /share/user/my-links)...
[2026-02-10T15:16:56.721Z] [SUCCESS] Get My Share Links PASSED (200)
[2026-02-10T15:16:56.724Z] [INFO] Testing Create Quest (POST /quests)...
[2026-02-10T15:16:56.854Z] [SUCCESS] Create Quest PASSED (201)
[2026-02-10T15:16:56.857Z] [INFO] Quest created with ID: 698b4be8c0d59c067a486414
[2026-02-10T15:16:56.859Z] [INFO] Testing List Quests (GET /quests)...
[2026-02-10T15:16:56.921Z] [SUCCESS] List Quests PASSED (200)
[2026-02-10T15:16:56.924Z] [INFO] Testing Get Quest (GET /quests/698b4be8c0d59c067a486414)...
[2026-02-10T15:16:56.984Z] [SUCCESS] Get Quest PASSED (200)
[2026-02-10T15:16:56.986Z] [INFO] Testing Create Campaign (POST /campaigns)...
[2026-02-10T15:16:57.055Z] [SUCCESS] Create Campaign PASSED (201)
[2026-02-10T15:16:57.059Z] [INFO] Campaign created with ID: 698b4be9c0d59c067a48641b
[2026-02-10T15:16:57.063Z] [INFO] Testing List Campaigns (GET /campaigns)...
[2026-02-10T15:16:57.125Z] [SUCCESS] List Campaigns PASSED (200)
[2026-02-10T15:16:57.129Z] [INFO] Testing Create Badge (POST /badges)...
[2026-02-10T15:16:57.211Z] [SUCCESS] Create Badge PASSED (201)
[2026-02-10T15:16:57.214Z] [INFO] Badge created with ID: 698b4be9c0d59c067a486421
[2026-02-10T15:16:57.218Z] [INFO] Testing List Badges (GET /badges)...
[2026-02-10T15:16:57.296Z] [SUCCESS] List Badges PASSED (200)
[2026-02-10T15:16:57.300Z] [INFO] Testing Create Story (POST /stories)...
[2026-02-10T15:16:57.398Z] [SUCCESS] Create Story PASSED (201)
[2026-02-10T15:16:57.404Z] [INFO] Story created with ID: 698b4be9c0d59c067a486427
[2026-02-10T15:16:57.407Z] [INFO] Testing Add Chapter (POST /stories/698b4be9c0d59c067a486427/chapters)...
[2026-02-10T15:16:57.530Z] [SUCCESS] Add Chapter PASSED (201)
[2026-02-10T15:16:57.534Z] [INFO] Testing List My Stories (GET /stories/my-stories)...
[2026-02-10T15:16:57.607Z] [SUCCESS] List My Stories PASSED (200)
[2026-02-10T15:16:57.610Z] [INFO] Testing Delete Memory (DELETE /memories/698b4be7c0d59c067a486403)...
[2026-02-10T15:16:57.705Z] [SUCCESS] Delete Memory PASSED (200)
[2026-02-10T15:16:57.709Z] [INFO] Tests Completed.
